<?xml version="1.0" encoding="UTF-8"?>
<testsuite name="connect4.PartieTest" tests="1" skipped="0" failures="0" errors="0" timestamp="2016-11-25T11:08:27" hostname="alex" time="0.002">
  <properties/>
  <testcase name="instensiationPartie" classname="connect4.PartieTest" time="0.002"/>
  <system-out><![CDATA[]]></system-out>
  <system-err><![CDATA[]]></system-err>
</testsuite>
