<?xml version="1.0" encoding="UTF-8"?>
<testsuite name="connect4.CaseDePlateauTest" tests="2" skipped="0" failures="0" errors="0" timestamp="2016-11-25T11:08:27" hostname="alex" time="0.001">
  <properties/>
  <testcase name="testgetsetValeur" classname="connect4.CaseDePlateauTest" time="0.001"/>
  <testcase name="instensiationCaseDePlateau" classname="connect4.CaseDePlateauTest" time="0.0"/>
  <system-out><![CDATA[]]></system-out>
  <system-err><![CDATA[]]></system-err>
</testsuite>
