<?xml version="1.0" encoding="UTF-8"?>
<testsuite name="connect4.JoueurTest" tests="2" skipped="0" failures="0" errors="0" timestamp="2016-11-24T14:16:36" hostname="alex" time="0.0">
  <properties/>
  <testcase name="creationJoueur" classname="connect4.JoueurTest" time="0.0"/>
  <testcase name="creationJoueur2" classname="connect4.JoueurTest" time="0.0"/>
  <system-out><![CDATA[]]></system-out>
  <system-err><![CDATA[]]></system-err>
</testsuite>
